TN:
SF:src\services\slices\appInitStateSlice.ts
FN:67,reducer
FN:74,prepare
FN:82,resetOrderRequest
FN:90,clearOrders
FN:93,clearUserOrders
FN:96,initializeApp
FN:99,showModal
FN:102,hideModal
FN:105,removeIngredient
FN:111,setErrorMessage
FN:114,clearErrorMessage
FN:117,moveIngredientUp
FN:129,moveIngredientDown
FN:143,selectIngredients
FN:144,selectIsLoading
FN:145,selectOrderModalData
FN:146,selectConstructorItems
FN:147,selectIsOrderRequested
FN:148,selectUser
FN:149,selectOrders
FN:150,selectTotalOrdersCount
FN:151,selectTodaysOrdersCount
FN:152,selectUserOrders
FN:153,selectIsAuthenticated
FN:154,selectIsInitialized
FN:155,selectIsModalOpen
FN:156,selectErrorMessage
FN:158,extraReducers
FNF:28
FNH:28
FNDA:2,reducer
FNDA:2,prepare
FNDA:1,resetOrderRequest
FNDA:1,clearOrders
FNDA:1,clearUserOrders
FNDA:1,initializeApp
FNDA:1,showModal
FNDA:1,hideModal
FNDA:1,removeIngredient
FNDA:2,setErrorMessage
FNDA:1,clearErrorMessage
FNDA:1,moveIngredientUp
FNDA:1,moveIngredientDown
FNDA:1,selectIngredients
FNDA:1,selectIsLoading
FNDA:2,selectOrderModalData
FNDA:9,selectConstructorItems
FNDA:2,selectIsOrderRequested
FNDA:1,selectUser
FNDA:3,selectOrders
FNDA:1,selectTotalOrdersCount
FNDA:1,selectTodaysOrdersCount
FNDA:3,selectUserOrders
FNDA:1,selectIsAuthenticated
FNDA:3,selectIsInitialized
FNDA:4,selectIsModalOpen
FNDA:3,selectErrorMessage
FNDA:4,extraReducers
DA:1,1
DA:2,1
DA:3,1
DA:4,1
DA:5,1
DA:6,1
DA:7,1
DA:8,1
DA:9,1
DA:10,1
DA:11,1
DA:12,1
DA:13,1
DA:14,1
DA:15,1
DA:16,1
DA:17,1
DA:18,1
DA:19,1
DA:20,1
DA:21,1
DA:22,1
DA:23,1
DA:24,1
DA:25,1
DA:26,1
DA:27,1
DA:28,1
DA:29,1
DA:30,1
DA:31,1
DA:32,1
DA:33,1
DA:34,1
DA:35,1
DA:36,1
DA:37,1
DA:38,1
DA:39,1
DA:40,1
DA:41,1
DA:42,1
DA:43,1
DA:44,1
DA:45,1
DA:46,1
DA:47,1
DA:48,1
DA:49,1
DA:50,1
DA:51,1
DA:52,1
DA:53,1
DA:54,1
DA:55,1
DA:56,1
DA:57,1
DA:58,1
DA:59,1
DA:60,1
DA:61,1
DA:62,1
DA:63,1
DA:64,1
DA:65,1
DA:66,1
DA:67,1
DA:68,2
DA:69,1
DA:70,1
DA:71,1
DA:72,1
DA:73,1
DA:74,1
DA:75,2
DA:76,2
DA:77,2
DA:78,2
DA:79,2
DA:80,2
DA:81,1
DA:82,1
DA:83,1
DA:84,1
DA:85,1
DA:86,1
DA:87,1
DA:88,1
DA:89,1
DA:90,1
DA:91,1
DA:92,1
DA:93,1
DA:94,1
DA:95,1
DA:96,1
DA:97,1
DA:98,1
DA:99,1
DA:100,1
DA:101,1
DA:102,1
DA:103,1
DA:104,1
DA:105,1
DA:106,1
DA:107,1
DA:108,1
DA:109,1
DA:110,1
DA:111,1
DA:112,2
DA:113,1
DA:114,1
DA:115,1
DA:116,1
DA:117,1
DA:118,1
DA:119,1
DA:120,1
DA:121,1
DA:122,1
DA:123,1
DA:124,1
DA:125,1
DA:126,1
DA:127,1
DA:128,1
DA:129,1
DA:130,1
DA:131,1
DA:132,1
DA:133,1
DA:134,1
DA:135,1
DA:136,1
DA:137,1
DA:138,1
DA:139,1
DA:140,1
DA:141,1
DA:142,1
DA:143,1
DA:144,1
DA:145,1
DA:146,1
DA:147,1
DA:148,1
DA:149,1
DA:150,1
DA:151,1
DA:152,1
DA:153,1
DA:154,1
DA:155,1
DA:156,1
DA:157,1
DA:158,1
DA:159,4
DA:160,4
DA:161,1
DA:162,4
DA:163,4
DA:164,1
DA:165,1
DA:166,4
DA:167,4
DA:168,1
DA:169,4
DA:170,4
DA:171,1
DA:172,4
DA:173,4
DA:174,1
DA:175,4
DA:176,4
DA:177,1
DA:178,1
DA:179,4
DA:180,4
DA:181,1
DA:182,4
DA:183,4
DA:184,1
DA:185,1
DA:186,4
DA:187,4
DA:188,1
DA:189,1
DA:190,4
DA:191,4
DA:192,1
DA:193,4
DA:194,4
DA:195,1
DA:196,1
DA:197,4
DA:198,4
DA:199,1
DA:200,1
DA:201,4
DA:202,4
DA:203,1
DA:204,4
DA:205,4
DA:206,1
DA:207,1
DA:208,1
DA:209,4
DA:210,4
DA:211,1
DA:212,1
DA:213,1
DA:214,4
DA:215,4
DA:216,1
DA:217,4
DA:218,4
DA:219,1
DA:220,4
DA:221,4
DA:222,1
DA:223,1
DA:224,1
DA:225,1
DA:226,4
DA:227,4
DA:228,1
DA:229,4
DA:230,4
DA:231,1
DA:232,4
DA:233,4
DA:234,1
DA:235,1
DA:236,4
DA:237,4
DA:238,1
DA:239,4
DA:240,4
DA:241,1
DA:242,4
DA:243,4
DA:244,1
DA:245,1
DA:246,1
DA:247,4
DA:248,4
DA:249,1
DA:250,4
DA:251,4
DA:252,1
DA:253,4
DA:254,4
DA:255,1
DA:256,1
DA:257,4
DA:258,4
DA:259,1
DA:260,1
DA:261,1
DA:262,1
DA:263,1
DA:264,1
DA:265,1
DA:266,1
DA:267,1
DA:268,1
DA:269,1
DA:270,1
DA:271,1
DA:272,1
DA:273,1
DA:274,1
DA:275,1
DA:276,1
DA:277,1
DA:278,1
DA:279,1
DA:280,1
DA:281,1
DA:282,1
DA:283,1
DA:284,1
DA:285,1
DA:286,1
DA:287,1
DA:288,1
DA:289,1
DA:290,1
DA:291,1
DA:292,1
DA:293,1
DA:294,1
DA:295,1
DA:296,1
DA:297,1
DA:298,1
DA:299,1
DA:300,1
DA:301,1
DA:302,1
DA:303,1
DA:304,1
DA:305,1
DA:306,1
DA:307,1
DA:308,1
DA:309,1
DA:310,1
DA:311,1
DA:312,1
DA:313,1
DA:314,1
DA:315,1
DA:316,1
DA:317,1
LF:317
LH:317
BRDA:67,0,0,2
BRDA:68,1,0,1
BRDA:74,2,0,2
BRDA:77,3,0,1
BRDA:78,4,0,1
BRDA:82,5,0,1
BRDA:90,6,0,1
BRDA:93,7,0,1
BRDA:96,8,0,1
BRDA:99,9,0,1
BRDA:102,10,0,1
BRDA:105,11,0,1
BRDA:108,12,0,2
BRDA:111,13,0,2
BRDA:114,14,0,1
BRDA:117,15,0,1
BRDA:119,16,0,2
BRDA:129,17,0,1
BRDA:131,18,0,1
BRDA:143,19,0,1
BRDA:144,20,0,1
BRDA:145,21,0,2
BRDA:146,22,0,9
BRDA:147,23,0,2
BRDA:148,24,0,1
BRDA:149,25,0,3
BRDA:150,26,0,1
BRDA:151,27,0,1
BRDA:152,28,0,3
BRDA:153,29,0,1
BRDA:154,30,0,3
BRDA:155,31,0,4
BRDA:156,32,0,3
BRDA:158,33,0,4
BRDA:160,34,0,1
BRDA:163,35,0,1
BRDA:167,36,0,1
BRDA:170,37,0,1
BRDA:173,38,0,1
BRDA:176,39,0,1
BRDA:180,40,0,1
BRDA:183,41,0,1
BRDA:185,42,0,0
BRDA:187,43,0,1
BRDA:191,44,0,1
BRDA:194,45,0,1
BRDA:196,46,0,0
BRDA:198,47,0,1
BRDA:202,48,0,1
BRDA:205,49,0,1
BRDA:210,50,0,1
BRDA:215,51,0,1
BRDA:218,52,0,1
BRDA:221,53,0,1
BRDA:227,54,0,1
BRDA:230,55,0,1
BRDA:233,56,0,1
BRDA:237,57,0,1
BRDA:240,58,0,1
BRDA:243,59,0,1
BRDA:248,60,0,1
BRDA:251,61,0,1
BRDA:254,62,0,1
BRF:63
BRH:61
end_of_record
TN:
SF:src\services\slices\mockData.ts
FNF:0
FNH:0
DA:1,1
DA:2,1
DA:3,1
DA:4,1
DA:5,1
DA:6,1
DA:7,1
DA:8,1
DA:9,1
DA:10,1
DA:11,1
DA:12,1
DA:13,1
DA:14,1
DA:15,1
DA:16,1
DA:17,1
DA:18,1
DA:19,1
DA:20,1
DA:21,1
DA:22,1
DA:23,1
DA:24,1
DA:25,1
DA:26,1
DA:27,1
DA:28,1
DA:29,1
DA:30,1
DA:31,1
DA:32,1
DA:33,1
DA:34,1
DA:35,1
DA:36,1
DA:37,1
DA:38,1
DA:39,1
DA:40,1
DA:41,1
DA:42,1
DA:43,1
DA:44,1
DA:45,1
DA:46,1
DA:47,1
DA:48,1
DA:49,1
DA:50,1
DA:51,1
DA:52,1
DA:53,1
DA:54,1
DA:55,1
DA:56,1
DA:57,1
DA:58,1
DA:59,1
DA:60,1
DA:61,1
DA:62,1
DA:63,1
DA:64,1
DA:65,1
DA:66,1
DA:67,1
DA:68,1
DA:69,1
DA:70,1
DA:71,1
DA:72,1
DA:73,1
DA:74,1
DA:75,1
DA:76,1
DA:77,1
DA:78,1
DA:79,1
DA:80,1
DA:81,1
DA:82,1
DA:83,1
DA:84,1
DA:85,1
DA:86,1
DA:87,1
DA:88,1
DA:89,1
DA:90,1
DA:91,1
DA:92,1
DA:93,1
DA:94,1
DA:95,1
DA:96,1
DA:97,1
DA:98,1
DA:99,1
DA:100,1
DA:101,1
DA:102,1
DA:103,1
DA:104,1
DA:105,1
DA:106,1
DA:107,1
DA:108,1
DA:109,1
DA:110,1
DA:111,1
DA:112,1
DA:113,1
DA:114,1
DA:115,1
DA:116,1
DA:117,1
DA:118,1
DA:119,1
DA:120,1
DA:121,1
DA:122,1
DA:123,1
DA:124,1
DA:125,1
DA:126,1
DA:127,1
DA:128,1
DA:129,1
DA:130,1
DA:131,1
DA:132,1
DA:133,1
DA:134,1
DA:135,1
DA:136,1
DA:137,1
DA:138,1
DA:139,1
DA:140,1
DA:141,1
DA:142,1
DA:143,1
DA:144,1
DA:145,1
DA:146,1
DA:147,1
DA:148,1
DA:149,1
DA:150,1
DA:151,1
DA:152,1
DA:153,1
DA:154,1
DA:155,1
DA:156,1
DA:157,1
DA:158,1
DA:159,1
DA:160,1
DA:161,1
DA:162,1
DA:163,1
DA:164,1
DA:165,1
DA:166,1
DA:167,1
DA:168,1
DA:169,1
DA:170,1
DA:171,1
DA:172,1
DA:173,1
DA:174,1
DA:175,1
DA:176,1
DA:177,1
DA:178,1
DA:179,1
DA:180,1
DA:181,1
DA:182,1
DA:183,1
DA:184,1
DA:185,1
DA:186,1
DA:187,1
DA:188,1
DA:189,1
DA:190,1
DA:191,1
DA:192,1
DA:193,1
DA:194,1
DA:195,1
DA:196,1
DA:197,1
DA:198,1
DA:199,1
DA:200,1
DA:201,1
DA:202,1
DA:203,1
DA:204,1
DA:205,1
DA:206,1
DA:207,1
DA:208,1
DA:209,1
DA:210,1
DA:211,1
DA:212,1
DA:213,1
DA:214,1
DA:215,1
DA:216,1
DA:217,1
DA:218,1
DA:219,1
DA:220,1
DA:221,1
DA:222,1
DA:223,1
DA:224,1
DA:225,1
LF:225
LH:225
BRF:0
BRH:0
end_of_record
TN:
SF:src\utils\burger-api.ts
FN:6,checkResponse
FN:18,refreshToken
FN:38,fetchWithRefresh
FN:74,getIngredientsApi
FN:82,getFeedsApi
FN:90,getOrdersApi
FN:107,orderBurgerApi
FN:126,getOrderByNumberApi
FN:146,registerUserApi
FN:165,loginUserApi
FN:179,forgotPasswordApi
FN:193,resetPasswordApi
FN:209,getUserApi
FN:216,updateUserApi
FN:226,logoutApi
FNF:15
FNH:15
FNDA:24,checkResponse
FNDA:3,refreshToken
FNDA:7,fetchWithRefresh
FNDA:2,getIngredientsApi
FNDA:2,getFeedsApi
FNDA:3,getOrdersApi
FNDA:2,orderBurgerApi
FNDA:1,getOrderByNumberApi
FNDA:2,registerUserApi
FNDA:2,loginUserApi
FNDA:2,forgotPasswordApi
FNDA:2,resetPasswordApi
FNDA:1,getUserApi
FNDA:1,updateUserApi
FNDA:1,logoutApi
DA:1,1
DA:2,1
DA:3,1
DA:4,1
DA:5,1
DA:6,1
DA:7,24
DA:8,1
DA:9,1
DA:10,1
DA:11,1
DA:12,1
DA:13,1
DA:14,1
DA:15,1
DA:16,1
DA:17,1
DA:18,1
DA:19,3
DA:20,3
DA:21,3
DA:22,3
DA:23,3
DA:24,3
DA:25,3
DA:26,3
DA:27,3
DA:28,3
DA:29,3
DA:30,2
DA:31,1
DA:32,1
DA:33,1
DA:34,1
DA:35,1
DA:36,3
DA:37,1
DA:38,1
DA:39,7
DA:40,7
DA:41,7
DA:42,7
DA:43,7
DA:44,7
DA:45,7
DA:46,7
DA:47,7
DA:48,7
DA:49,7
DA:50,7
DA:51,7
DA:52,7
DA:53,7
DA:54,7
DA:55,7
DA:56,7
DA:57,7
DA:58,7
DA:59,1
DA:60,1
DA:61,1
DA:62,1
DA:63,1
DA:64,1
DA:65,1
DA:66,1
DA:67,1
DA:68,1
DA:69,1
DA:70,1
DA:71,1
DA:72,1
DA:73,1
DA:74,1
DA:75,2
DA:76,2
DA:77,2
DA:78,2
DA:79,1
DA:80,2
DA:81,1
DA:82,1
DA:83,2
DA:84,2
DA:85,2
DA:86,2
DA:87,1
DA:88,2
DA:89,1
DA:90,1
DA:91,3
DA:92,3
DA:93,3
DA:94,3
DA:95,3
DA:96,3
DA:97,3
DA:98,3
DA:99,2
DA:100,3
DA:101,1
DA:102,1
DA:103,1
DA:104,1
DA:105,1
DA:106,1
DA:107,1
DA:108,2
DA:109,2
DA:110,2
DA:111,2
DA:112,2
DA:113,2
DA:114,2
DA:115,2
DA:116,2
DA:117,2
DA:118,2
DA:119,1
DA:120,2
DA:121,1
DA:122,1
DA:123,1
DA:124,1
DA:125,1
DA:126,1
DA:127,1
DA:128,1
DA:129,1
DA:130,1
DA:131,1
DA:132,1
DA:133,1
DA:134,1
DA:135,1
DA:136,1
DA:137,1
DA:138,1
DA:139,1
DA:140,1
DA:141,1
DA:142,1
DA:143,1
DA:144,1
DA:145,1
DA:146,1
DA:147,2
DA:148,2
DA:149,2
DA:150,2
DA:151,2
DA:152,2
DA:153,2
DA:154,2
DA:155,2
DA:156,2
DA:157,1
DA:158,2
DA:159,1
DA:160,1
DA:161,1
DA:162,1
DA:163,1
DA:164,1
DA:165,1
DA:166,2
DA:167,2
DA:168,2
DA:169,2
DA:170,2
DA:171,2
DA:172,2
DA:173,2
DA:174,2
DA:175,2
DA:176,1
DA:177,2
DA:178,1
DA:179,1
DA:180,2
DA:181,2
DA:182,2
DA:183,2
DA:184,2
DA:185,2
DA:186,2
DA:187,2
DA:188,2
DA:189,2
DA:190,1
DA:191,2
DA:192,1
DA:193,1
DA:194,2
DA:195,2
DA:196,2
DA:197,2
DA:198,2
DA:199,2
DA:200,2
DA:201,2
DA:202,2
DA:203,2
DA:204,1
DA:205,2
DA:206,1
DA:207,1
DA:208,1
DA:209,1
DA:210,1
DA:211,1
DA:212,1
DA:213,1
DA:214,1
DA:215,1
DA:216,1
DA:217,1
DA:218,1
DA:219,1
DA:220,1
DA:221,1
DA:222,1
DA:223,1
DA:224,1
DA:225,1
DA:226,1
DA:227,1
DA:228,1
DA:229,1
DA:230,1
DA:231,1
DA:232,1
DA:233,1
DA:234,1
DA:235,1
LF:235
LH:235
BRDA:6,0,0,24
BRDA:7,1,0,23
BRDA:7,2,0,1
BRDA:7,3,0,1
BRDA:18,4,0,3
BRDA:28,5,0,3
BRDA:29,6,0,2
BRDA:30,7,0,1
BRDA:38,8,0,7
BRDA:41,9,0,7
BRDA:44,10,0,7
BRDA:53,11,0,0
BRDA:55,12,0,0
BRDA:74,13,0,2
BRDA:76,14,0,2
BRDA:77,15,0,2
BRDA:78,16,0,0
BRDA:78,17,0,1
BRDA:82,18,0,2
BRDA:84,19,0,2
BRDA:85,20,0,2
BRDA:86,21,0,0
BRDA:86,22,0,1
BRDA:90,23,0,3
BRDA:97,24,0,3
BRDA:98,25,0,0
BRDA:98,26,0,1
BRDA:99,27,0,2
BRDA:107,28,0,2
BRDA:117,29,0,2
BRDA:118,30,0,0
BRDA:118,31,0,1
BRDA:126,32,0,1
BRDA:132,33,0,1
BRDA:146,34,0,2
BRDA:154,35,0,2
BRDA:155,36,0,2
BRDA:156,37,0,0
BRDA:156,38,0,1
BRDA:165,39,0,2
BRDA:173,40,0,2
BRDA:174,41,0,2
BRDA:175,42,0,0
BRDA:175,43,0,1
BRDA:179,44,0,2
BRDA:187,45,0,2
BRDA:188,46,0,2
BRDA:189,47,0,0
BRDA:189,48,0,1
BRDA:193,49,0,2
BRDA:201,50,0,2
BRDA:202,51,0,2
BRDA:203,52,0,0
BRDA:203,53,0,1
BRDA:209,54,0,1
BRDA:216,55,0,1
BRDA:226,56,0,1
BRDA:235,57,0,1
BRF:58
BRH:48
end_of_record
TN:
SF:src\utils\cookie.ts
FN:1,getCookie
FN:13,setCookie
FN:45,deleteCookie
FNF:3
FNH:3
FNDA:9,getCookie
FNDA:3,setCookie
FNDA:1,deleteCookie
DA:1,9
DA:2,9
DA:3,9
DA:4,9
DA:5,9
DA:6,9
DA:7,9
DA:8,9
DA:9,9
DA:10,9
DA:11,9
DA:12,1
DA:13,3
DA:14,3
DA:15,3
DA:16,3
DA:17,3
DA:18,3
DA:19,3
DA:20,3
DA:21,3
DA:22,3
DA:23,3
DA:24,3
DA:25,1
DA:26,1
DA:27,1
DA:28,1
DA:29,3
DA:30,3
DA:31,1
DA:32,1
DA:33,3
DA:34,3
DA:35,3
DA:36,4
DA:37,4
DA:38,4
DA:39,4
DA:40,4
DA:41,4
DA:42,3
DA:43,3
DA:44,1
DA:45,1
DA:46,1
DA:47,1
LF:47
LH:47
BRDA:1,0,0,9
BRDA:10,1,0,8
BRDA:10,2,0,1
BRDA:13,3,0,3
BRDA:16,4,0,2
BRDA:24,5,0,1
BRDA:24,6,0,1
BRDA:30,7,0,1
BRDA:30,8,0,1
BRDA:35,9,0,4
BRDA:45,10,0,1
BRF:11
BRH:11
end_of_record
